<?xml version="1.0" encoding="UTF-8" ?>
<testsuite failures="0" time="0.006" errors="0" skipped="0" tests="2" name="com.cribbstechnologies.clients.mandrill.util.MandrillSimpleDateFormatTest">
  <properties>
    <property name="java.runtime.name" value="Java(TM) SE Runtime Environment"/>
    <property name="sun.boot.library.path" value="/Library/Java/JavaVirtualMachines/jdk1.7.0_12.jdk/Contents/Libraries"/>
    <property name="java.vm.version" value="20.12-b01-434"/>
    <property name="awt.nativeDoubleBuffering" value="true"/>
    <property name="gopherProxySet" value="false"/>
    <property name="mrj.build" value="11M3909"/>
    <property name="java.vm.vendor" value="Apple Inc."/>
    <property name="java.vendor.url" value="http://www.apple.com/"/>
    <property name="path.separator" value=":"/>
    <property name="java.vm.name" value="Java HotSpot(TM) 64-Bit Server VM"/>
    <property name="file.encoding.pkg" value="sun.io"/>
    <property name="user.country" value="US"/>
    <property name="sun.java.launcher" value="SUN_STANDARD"/>
    <property name="sun.os.patch.level" value="unknown"/>
    <property name="java.vm.specification.name" value="Java Virtual Machine Specification"/>
    <property name="user.dir" value="/Users/danwatt/Documents/workspace/Java-Mandrill-Wrapper"/>
    <property name="java.runtime.version" value="1.6.0_37-b06-434-11M3909"/>
    <property name="java.awt.graphicsenv" value="apple.awt.CGraphicsEnvironment"/>
    <property name="basedir" value="/Users/danwatt/Documents/workspace/Java-Mandrill-Wrapper"/>
    <property name="java.endorsed.dirs" value="/Library/Java/JavaVirtualMachines/jdk1.7.0_12.jdk/Contents/Home/lib/endorsed"/>
    <property name="os.arch" value="x86_64"/>
    <property name="surefire.real.class.path" value="/Users/danwatt/Documents/workspace/Java-Mandrill-Wrapper/target/surefire/surefirebooter3316913672080577432.jar"/>
    <property name="java.io.tmpdir" value="/var/folders/vs/5ls30bz13nb13_fy8plszdd80000gn/T/"/>
    <property name="line.separator" value="
"/>
    <property name="java.vm.specification.vendor" value="Sun Microsystems Inc."/>
    <property name="os.name" value="Mac OS X"/>
    <property name="sun.jnu.encoding" value="MacRoman"/>
    <property name="java.library.path" value=".:/Library/Java/Extensions:/System/Library/Java/Extensions:/usr/lib/java"/>
    <property name="surefire.test.class.path" value="/Users/danwatt/Documents/workspace/Java-Mandrill-Wrapper/target/test-classes:/Users/danwatt/Documents/workspace/Java-Mandrill-Wrapper/target/classes:/Users/danwatt/.m2/repository/org/apache/httpcomponents/httpclient/4.2.1/httpclient-4.2.1.jar:/Users/danwatt/.m2/repository/org/apache/httpcomponents/httpcore/4.2.1/httpcore-4.2.1.jar:/Users/danwatt/.m2/repository/commons-logging/commons-logging/1.1.1/commons-logging-1.1.1.jar:/Users/danwatt/.m2/repository/commons-codec/commons-codec/1.6/commons-codec-1.6.jar:/Users/danwatt/.m2/repository/junit/junit/4.10/junit-4.10.jar:/Users/danwatt/.m2/repository/org/hamcrest/hamcrest-core/1.1/hamcrest-core-1.1.jar:/Users/danwatt/.m2/repository/com/fasterxml/jackson/core/jackson-databind/2.1.3/jackson-databind-2.1.3.jar:/Users/danwatt/.m2/repository/com/fasterxml/jackson/core/jackson-annotations/2.1.2/jackson-annotations-2.1.2.jar:/Users/danwatt/.m2/repository/com/fasterxml/jackson/core/jackson-core/2.1.3/jackson-core-2.1.3.jar:/Users/danwatt/.m2/repository/org/mockito/mockito-all/1.8.4/mockito-all-1.8.4.jar:/Users/danwatt/.m2/repository/commons-io/commons-io/2.3/commons-io-2.3.jar:"/>
    <property name="java.specification.name" value="Java Platform API Specification"/>
    <property name="java.class.version" value="50.0"/>
    <property name="sun.management.compiler" value="HotSpot 64-Bit Tiered Compilers"/>
    <property name="os.version" value="10.8.2"/>
    <property name="http.nonProxyHosts" value="local|*.local|169.254/16|*.169.254/16"/>
    <property name="user.home" value="/Users/danwatt"/>
    <property name="user.timezone" value="America/Chicago"/>
    <property name="java.awt.printerjob" value="apple.awt.CPrinterJob"/>
    <property name="java.specification.version" value="1.6"/>
    <property name="file.encoding" value="MacRoman"/>
    <property name="user.name" value="danwatt"/>
    <property name="java.class.path" value="/Users/danwatt/Documents/workspace/Java-Mandrill-Wrapper/target/test-classes:/Users/danwatt/Documents/workspace/Java-Mandrill-Wrapper/target/classes:/Users/danwatt/.m2/repository/org/apache/httpcomponents/httpclient/4.2.1/httpclient-4.2.1.jar:/Users/danwatt/.m2/repository/org/apache/httpcomponents/httpcore/4.2.1/httpcore-4.2.1.jar:/Users/danwatt/.m2/repository/commons-logging/commons-logging/1.1.1/commons-logging-1.1.1.jar:/Users/danwatt/.m2/repository/commons-codec/commons-codec/1.6/commons-codec-1.6.jar:/Users/danwatt/.m2/repository/junit/junit/4.10/junit-4.10.jar:/Users/danwatt/.m2/repository/org/hamcrest/hamcrest-core/1.1/hamcrest-core-1.1.jar:/Users/danwatt/.m2/repository/com/fasterxml/jackson/core/jackson-databind/2.1.3/jackson-databind-2.1.3.jar:/Users/danwatt/.m2/repository/com/fasterxml/jackson/core/jackson-annotations/2.1.2/jackson-annotations-2.1.2.jar:/Users/danwatt/.m2/repository/com/fasterxml/jackson/core/jackson-core/2.1.3/jackson-core-2.1.3.jar:/Users/danwatt/.m2/repository/org/mockito/mockito-all/1.8.4/mockito-all-1.8.4.jar:/Users/danwatt/.m2/repository/commons-io/commons-io/2.3/commons-io-2.3.jar:"/>
    <property name="java.vm.specification.version" value="1.0"/>
    <property name="sun.arch.data.model" value="64"/>
    <property name="java.home" value="/Library/Java/JavaVirtualMachines/jdk1.7.0_12.jdk/Contents/Home"/>
    <property name="sun.java.command" value="/Users/danwatt/Documents/workspace/Java-Mandrill-Wrapper/target/surefire/surefirebooter3316913672080577432.jar /Users/danwatt/Documents/workspace/Java-Mandrill-Wrapper/target/surefire/surefire1926731688896055134tmp /Users/danwatt/Documents/workspace/Java-Mandrill-Wrapper/target/surefire/surefire981643291912149517tmp"/>
    <property name="java.specification.vendor" value="Sun Microsystems Inc."/>
    <property name="user.language" value="en"/>
    <property name="awt.toolkit" value="apple.awt.CToolkit"/>
    <property name="java.vm.info" value="mixed mode"/>
    <property name="java.version" value="1.6.0_37"/>
    <property name="java.ext.dirs" value="/Library/Java/Extensions:/System/Library/Java/Extensions:/Library/Java/JavaVirtualMachines/jdk1.7.0_12.jdk/Contents/Home/lib/ext"/>
    <property name="sun.boot.class.path" value="/Library/Java/JavaVirtualMachines/jdk1.7.0_12.jdk/Contents/Classes/jsfd.jar:/Library/Java/JavaVirtualMachines/jdk1.7.0_12.jdk/Contents/Classes/classes.jar:/System/Library/Frameworks/JavaVM.framework/Frameworks/JavaRuntimeSupport.framework/Resources/Java/JavaRuntimeSupport.jar:/Library/Java/JavaVirtualMachines/jdk1.7.0_12.jdk/Contents/Classes/ui.jar:/Library/Java/JavaVirtualMachines/jdk1.7.0_12.jdk/Contents/Classes/laf.jar:/Library/Java/JavaVirtualMachines/jdk1.7.0_12.jdk/Contents/Classes/sunrsasign.jar:/Library/Java/JavaVirtualMachines/jdk1.7.0_12.jdk/Contents/Classes/jsse.jar:/Library/Java/JavaVirtualMachines/jdk1.7.0_12.jdk/Contents/Classes/jce.jar:/Library/Java/JavaVirtualMachines/jdk1.7.0_12.jdk/Contents/Classes/charsets.jar"/>
    <property name="java.vendor" value="Apple Inc."/>
    <property name="localRepository" value="/Users/danwatt/.m2/repository"/>
    <property name="file.separator" value="/"/>
    <property name="java.vendor.url.bug" value="http://bugreport.apple.com/"/>
    <property name="sun.cpu.endian" value="little"/>
    <property name="sun.io.unicode.encoding" value="UnicodeLittle"/>
    <property name="mrj.version" value="1070.1.6.0_37-434"/>
    <property name="socksNonProxyHosts" value="local|*.local|169.254/16|*.169.254/16"/>
    <property name="ftp.nonProxyHosts" value="local|*.local|169.254/16|*.169.254/16"/>
    <property name="sun.cpu.isalist" value=""/>
  </properties>
  <testcase time="0.001" classname="com.cribbstechnologies.clients.mandrill.util.MandrillSimpleDateFormatTest" name="testParse"/>
  <testcase time="0" classname="com.cribbstechnologies.clients.mandrill.util.MandrillSimpleDateFormatTest" name="testFormat"/>
</testsuite>